DEBUG   |161118 17:55:10|*** Batching successive steps (nesting level 1)
DEBUG   |161118 17:55:10|====== Starting Step number 1 ======
DEBUG   |161118 17:55:10|Kettenrad :: Switching domains
DEBUG   |161118 17:55:10|Kettenrad :: BREAKING STEP BEFORE SWITCHING DOMAIN
DEBUG   |161118 17:55:10|Switching to domain init, class Init
DEBUG   |161118 17:55:10|Akeeba\Engine\Core\Domain\Init :: New instance
DEBUG   |161118 17:55:10|Kettenrad :: Ticking the domain object
DEBUG   |161118 17:55:10|Kettenrad :: Domain object returned; propagating
DEBUG   |161118 17:55:10|Kettenrad :: Break flag status: YES
DEBUG   |161118 17:55:10|----- Finished operation 1 ------
DEBUG   |161118 17:55:10|Successful Smart algorithm on Akeeba\Engine\Core\Domain\Init
DEBUG   |161118 17:55:10|====== Finished Step number 1 ======
DEBUG   |161118 17:55:10|Kettenrad :: Setting the break flag between domains
DEBUG   |161118 17:55:10|*** Engine steps batching: Break flag detected.
DEBUG   |161118 17:55:10|*** Batching of engine steps finished. I will now return control to the caller.
DEBUG   |161118 17:55:10|====== Starting Step number 2 ======
DEBUG   |161118 17:55:10|Kettenrad :: Ticking the domain object
INFO    |161118 17:55:10|--------------------------------------------------------------------------------
INFO    |161118 17:55:10|Akeeba Backup 5.2.4 (2016-10-28)
INFO    |161118 17:55:10|Got backup?
INFO    |161118 17:55:10|--------------------------------------------------------------------------------
INFO    |161118 17:55:10|--- System Information ---
INFO    |161118 17:55:10|PHP Version        :5.5.12
INFO    |161118 17:55:10|PHP OS             :WINNT
INFO    |161118 17:55:10|PHP SAPI           :apache2handler
INFO    |161118 17:55:10|OS Version         :Windows NT
INFO    |161118 17:55:10|DB Version         :5.6.17-log
INFO    |161118 17:55:10|Web Server         :Apache/2.4.9 (Win32) PHP/5.5.12
INFO    |161118 17:55:10|Joomla! version    :3.6.2
INFO    |161118 17:55:10|Mozilla/5.0 (Windows NT 6.3; Win64; x64) AppleWebKit/537.36 (KHTML, like Gecko) Chrome/54.0.2840.99 Safari/537.36
INFO    |161118 17:55:10|Safe mode          :
INFO    |161118 17:55:10|Display errors     :
INFO    |161118 17:55:10|Error reporting    :E_ALL
INFO    |161118 17:55:10|Error display      :off
INFO    |161118 17:55:10|Disabled functions :
INFO    |161118 17:55:10|open_basedir restr.:
INFO    |161118 17:55:10|Max. exec. time    :0
INFO    |161118 17:55:10|Memory limit       :128M
INFO    |161118 17:55:10|Current mem. usage :15816120
INFO    |161118 17:55:10|GZIP Compression   : available (good)
INFO    |161118 17:55:10|JPATH_BASE         :<root>\administrator
INFO    |161118 17:55:10|JPATH_SITE         :<root>
INFO    |161118 17:55:10|JPATH_ROOT         :<root>
INFO    |161118 17:55:10|JPATH_CACHE        :<root>\administrator\cache
INFO    |161118 17:55:10|Computed root      :<root>
INFO    |161118 17:55:10|Output directory   :<root>/administrator/components/com_akeeba/backup
INFO    |161118 17:55:10|Part size (bytes)  :0
INFO    |161118 17:55:10|--------------------------------------------------------------------------------
INFO    |161118 17:55:10|Loaded profile #1
DEBUG   |161118 17:55:10|Archive template name: site-[HOST]-[DATE]-[TIME]
DEBUG   |161118 17:55:10|Expanded template name: site-localhost-20161118-165510
DEBUG   |161118 17:55:10|Backup type is now set to 'full'
DEBUG   |161118 17:55:10|Expanded archive file name: <root>/administrator/components/com_akeeba/backup/site-localhost-20161118-165510.jpa
DEBUG   |161118 17:55:10|Initializing archiver engine
DEBUG   |161118 17:55:10|Akeeba\Engine\Archiver\Jpa :: new instance - archive <root>/administrator/components/com_akeeba/backup/site-localhost-20161118-165510.jpa
DEBUG   |161118 17:55:10|Akeeba\Engine\Archiver\BaseArchiver :: Killing old archive
DEBUG   |161118 17:55:10|Kettenrad :: Domain object returned; propagating
DEBUG   |161118 17:55:10|Kettenrad :: Break flag status: no
DEBUG   |161118 17:55:10|----- Finished operation 1 ------
DEBUG   |161118 17:55:10|Kettenrad :: Ticking the domain object
DEBUG   |161118 17:55:10|Kettenrad :: Domain object returned; propagating
DEBUG   |161118 17:55:10|Kettenrad :: Break flag status: no
DEBUG   |161118 17:55:10|----- Finished operation 2 ------
DEBUG   |161118 17:55:10|Successful Smart algorithm on Akeeba\Engine\Core\Domain\Init
DEBUG   |161118 17:55:10|Kettenrad :: Domain 'init' has finished.
DEBUG   |161118 17:55:10|====== Finished Step number 2 ======
DEBUG   |161118 17:55:10|Kettenrad :: Setting the break flag between domains
DEBUG   |161118 17:55:10|*** Engine steps batching: Break flag detected.
DEBUG   |161118 17:55:10|*** Batching of engine steps finished. I will now return control to the caller.
DEBUG   |161118 17:55:10|Sleeping for 1628.4589767456 msec, using usleep()
DEBUG   |161118 17:55:12|Saving Kettenrad instance backend
